app/build/outputs/mapping/release/seeds.txt
com.example.zurche.simplecalculator.app.R$anim: int abc_fade_in
com.example.zurche.simplecalculator.app.R$anim: int abc_fade_out
com.example.zurche.simplecalculator.app.R$anim: int abc_grow_fade_in_from_bottom
com.example.zurche.simplecalculator.app.R$anim: int abc_popup_enter
com.example.zurche.simplecalculator.app.R$anim: int abc_popup_exit
com.example.zurche.simplecalculator.app.R$anim: int abc_shrink_fade_out_from_bottom
com.example.zurche.simplecalculator.app.R$anim: int abc_slide_in_bottom
com.example.zurche.simplecalculator.app.R$anim: int abc_slide_in_top
com.example.zurche.simplecalculator.app.R$anim: int abc_slide_out_bottom
com.example.zurche.simplecalculator.app.R$anim: int abc_slide_out_top
com.example.zurche.simplecalculator.app.R$anim: int abc_tooltip_enter
com.example.zurche.simplecalculator.app.R$anim: int abc_tooltip_exit
com.example.zurche.simplecalculator.app.R$array: int com_google_android_gms_fonts_certs
com.example.zurche.simplecalculator.app.R$array: int com_google_android_gms_fonts_certs_dev
com.example.zurche.simplecalculator.app.R$array: int com_google_android_gms_fonts_certs_prod
com.example.zurche.simplecalculator.app.R$array: int preloaded_fonts
com.example.zurche.simplecalculator.app.R$attr: int actionBarDivider
com.example.zurche.simplecalculator.app.R$attr: int actionBarItemBackground
com.example.zurche.simplecalculator.app.R$attr: int actionBarPopupTheme
com.example.zurche.simplecalculator.app.R$attr: int actionBarSize
com.example.zurche.simplecalculator.app.R$attr: int actionBarSplitStyle
com.example.zurche.simplecalculator.app.R$attr: int actionBarStyle
com.example.zurche.simplecalculator.app.R$attr: int actionBarTabBarStyle
com.example.zurche.simplecalculator.app.R$attr: int actionBarTabStyle
com.example.zurche.simplecalculator.app.R$attr: int actionBarTabTextStyle
com.example.zurche.simplecalculator.app.R$attr: int actionBarTheme
com.example.zurche.simplecalculator.app.R$attr: int actionBarWidgetTheme
com.example.zurche.simplecalculator.app.R$attr: int actionButtonStyle
com.example.zurche.simplecalculator.app.R$attr: int actionDropDownStyle
com.example.zurche.simplecalculator.app.R$attr: int actionLayout
com.example.zurche.simplecalculator.app.R$attr: int actionMenuTextAppearance
com.example.zurche.simplecalculator.app.R$attr: int actionMenuTextColor
com.example.zurche.simplecalculator.app.R$attr: int actionModeBackground
com.example.zurche.simplecalculator.app.R$attr: int actionModeCloseButtonStyle
com.example.zurche.simplecalculator.app.R$attr: int actionModeCloseDrawable
com.example.zurche.simplecalculator.app.R$attr: int actionModeCopyDrawable
com.example.zurche.simplecalculator.app.R$bool: int abc_action_bar_embed_tabs
com.example.zurche.simplecalculator.app.R$bool: int abc_allow_stacked_button_bar
com.example.zurche.simplecalculator.app.R$bool: int abc_config_actionMenuItemAllCaps
com.example.zurche.simplecalculator.app.R$bool: int abc_config_showMenuShortcutsWhenKeyboardPresent
...
android.support.v4.view.PagerTitleStrip: void setSingleLineAllCaps(android.widget.TextView)
android.support.v4.view.PagerTitleStrip: void setTextSpacing(int)
android.support.v4.view.PagerTitleStrip: int getTextSpacing()
android.support.v4.view.PagerTitleStrip: void setNonPrimaryAlpha(float)
android.support.v4.view.PagerTitleStrip: void setTextColor(int)
android.support.v4.view.PagerTitleStrip: void setGravity(int)
android.support.v4.view.PagerTitleStrip: int getMinHeight()
android.support.v4.view.ViewPager: void setScrollState(int)
android.support.v4.view.ViewPager: void setAdapter(android.support.v4.view.PagerAdapter)
android.support.v4.view.ViewPager: android.support.v4.view.PagerAdapter getAdapter()
android.support.v4.view.ViewPager: int getClientWidth()
android.support.v4.view.ViewPager: void setCurrentItem(int)
android.support.v4.view.ViewPager: int getCurrentItem()
android.support.v4.view.ViewPager: void setOnPageChangeListener(android.support.v4.view.ViewPager$OnPageChangeListener)
android.support.v4.view.ViewPager: int getOffscreenPageLimit()
android.support.v4.view.ViewPager: void setOffscreenPageLimit(int)
android.support.v4.view.ViewPager: void setPageMargin(int)
android.support.v4.view.ViewPager: int getPageMargin()
android.support.v4.view.ViewPager: void setPageMarginDrawable(android.graphics.drawable.Drawable)
android.support.v4.view.ViewPager: void setPageMarginDrawable(int)
android.support.v4.view.ViewPager: void setScrollingCacheEnabled(boolean)
android.support.v4.view.ViewPager$SavedState: android.os.Parcelable$Creator CREATOR
android.support.v4.widget.DrawerLayout: void setDrawerElevation(float)
android.support.v4.widget.DrawerLayout: float getDrawerElevation()
android.support.v4.widget.DrawerLayout: void setScrimColor(int)
android.support.v4.widget.DrawerLayout: void setDrawerListener(android.support.v4.widget.DrawerLayout$DrawerListener)
android.support.v4.widget.DrawerLayout: void setDrawerLockMode(int)
android.support.v4.widget.DrawerLayout: void setStatusBarBackground(android.graphics.drawable.Drawable)
android.support.v4.widget.DrawerLayout: android.graphics.drawable.Drawable getStatusBarBackgroundDrawable()
android.support.v4.widget.DrawerLayout: void setStatusBarBackground(int)
android.support.v4.widget.DrawerLayout: void setStatusBarBackgroundColor(int)
android.support.v4.widget.DrawerLayout$SavedState: android.os.Parcelable$Creator CREATOR
android.support.v4.widget.NestedScrollView
android.support.v4.widget.NestedScrollView: NestedScrollView(android.content.Context)
android.support.v4.widget.NestedScrollView: NestedScrollView(android.content.Context,android.util.AttributeSet)
android.support.v4.widget.NestedScrollView: NestedScrollView(android.content.Context,android.util.AttributeSet,int)
android.support.v4.widget.NestedScrollView: void setNestedScrollingEnabled(boolean)
android.support.v4.widget.NestedScrollView: int getNestedScrollAxes()
android.support.v4.widget.NestedScrollView: float getTopFadingEdgeStrength()
android.support.v4.widget.NestedScrollView: float getBottomFadingEdgeStrength()
android.support.v4.widget.NestedScrollView: int getMaxScrollAmount()
android.support.v4.widget.NestedScrollView: void setOnScrollChangeListener(android.support.v4.widget.NestedScrollView$OnScrollChangeListener)
android.support.v4.widget.NestedScrollView: void setFillViewport(boolean)
android.support.v4.widget.NestedScrollView: void setSmoothScrollingEnabled(boolean)
android.support.v4.widget.NestedScrollView: float getVerticalScrollFactorCompat()
android.support.v4.widget.NestedScrollView: int getScrollRange()
android.support.v4.widget.NestedScrollView$SavedState: android.os.Parcelable$Creator CREATOR