app/build/outputs/mapping/release/mapping.txt
android.support.v4.app.FragmentManager$OnBackStackChangedListener -> android.support.v4.app.l$b:
    void onBackStackChanged() -> a
android.support.v4.app.FragmentManagerImpl -> android.support.v4.app.m:
    boolean DEBUG -> a
    java.util.ArrayList mPendingActions -> b
    boolean mExecutingActions -> c
    int mNextFragmentIndex -> d
    java.util.ArrayList mAdded -> e
    android.util.SparseArray mActive -> f
    java.util.ArrayList mBackStack -> g
    java.util.ArrayList mCreatedMenus -> h
    java.util.ArrayList mBackStackIndices -> i
    java.util.ArrayList mAvailBackStackIndices -> j
    java.util.ArrayList mBackStackChangeListeners -> k
    java.util.concurrent.CopyOnWriteArrayList mLifecycleCallbacks -> J
    int mCurState -> l
    android.support.v4.app.FragmentHostCallback mHost -> m
    android.support.v4.app.FragmentContainer mContainer -> n
    android.support.v4.app.Fragment mParent -> o
    android.support.v4.app.Fragment mPrimaryNav -> p
    java.lang.reflect.Field sAnimationListenerField -> q
    boolean mNeedMenuInvalidate -> r
    boolean mStateSaved -> s
    boolean mStopped -> t
    boolean mDestroyed -> u
    java.lang.String mNoTransactionsBecause -> v
    boolean mHavePendingDeferredStart -> w
    java.util.ArrayList mTmpRecords -> x
    java.util.ArrayList mTmpIsPop -> y
    java.util.ArrayList mTmpAddedFragments -> z
    android.os.Bundle mStateBundle -> A
    android.util.SparseArray mStateArray -> B
    java.util.ArrayList mPostponedTransactions -> C
    android.support.v4.app.FragmentManagerNonConfig mSavedNonConfig -> D
    java.lang.Runnable mExecCommit -> E
android.support.v4.app.FragmentManagerImpl$1 -> android.support.v4.app.m$1:
    android.support.v4.app.FragmentManagerImpl this$0 -> a
    void <init>(android.support.v4.app.FragmentManagerImpl) -> <init>
    void run() -> run
android.support.v4.app.FragmentManagerImpl$2 -> android.support.v4.app.m$2:
    android.view.ViewGroup val$container -> a
    android.support.v4.app.Fragment val$fragment -> b
    android.support.v4.app.FragmentManagerImpl this$0 -> c
    void <init>(android.support.v4.app.FragmentManagerImpl,android.view.animation.Animation$AnimationListener,android.view.ViewGroup,android.support.v4.app.Fragment) -> <init>
    void onAnimationEnd(android.view.animation.Animation) -> onAnimationEnd
android.support.v4.app.FragmentManagerImpl$2$1 -> android.support.v4.app.m$2$1:
    android.support.v4.app.FragmentManagerImpl$2 this$1 -> a
    void <init>(android.support.v4.app.FragmentManagerImpl$2) -> <init>
    void run() -> run
android.support.v4.app.FragmentManagerImpl$3 -> android.support.v4.app.m$3:
    android.view.ViewGroup val$container -> a
    android.view.View val$viewToAnimate -> b
    android.support.v4.app.Fragment val$fragment -> c
    android.support.v4.app.FragmentManagerImpl this$0 -> d
    void <init>(android.support.v4.app.FragmentManagerImpl,android.view.ViewGroup,android.view.View,android.support.v4.app.Fragment) -> <init>
    void onAnimationEnd(android.animation.Animator) -> onAnimationEnd
android.support.v4.app.FragmentManagerImpl$4 -> android.support.v4.app.m$4:
    android.view.ViewGroup val$container -> a
    android.view.View val$animatingView -> b
    android.support.v4.app.Fragment val$fragment -> c
    android.support.v4.app.FragmentManagerImpl this$0 -> d
    void <init>(android.support.v4.app.FragmentManagerImpl,android.view.ViewGroup,android.view.View,android.support.v4.app.Fragment) -> <init>
    void onAnimationEnd(android.animation.Animator) -> onAnimationEnd
android.support.v4.app.FragmentManagerImpl$AnimateOnHWLayerIfNeededListener -> android.support.v4.app.m$a:
    android.view.View mView -> a
    void <init>(android.view.View,android.view.animation.Animation$AnimationListener) -> <init>
    void onAnimationEnd(android.view.animation.Animation) -> onAnimationEnd