app/build/outputs/mapping/release/usage.txt
com.example.zurche.simplecalculator.app.BuildConfig
com.example.zurche.simplecalculator.app.R
com.example.zurche.simplecalculator.app.R$anim
com.example.zurche.simplecalculator.app.R$array
com.example.zurche.simplecalculator.app.R$attr
com.example.zurche.simplecalculator.app.R$bool
com.example.zurche.simplecalculator.app.R$color
com.example.zurche.simplecalculator.app.R$dimen
com.example.zurche.simplecalculator.app.R$drawable
com.example.zurche.simplecalculator.app.R$font
com.example.zurche.simplecalculator.app.R$id
com.example.zurche.simplecalculator.app.R$integer
com.example.zurche.simplecalculator.app.R$layout
com.example.zurche.simplecalculator.app.R$mipmap
com.example.zurche.simplecalculator.app.R$string
com.example.zurche.simplecalculator.app.R$style
com.example.zurche.simplecalculator.app.R$styleable
...
android.support.v4.widget.DrawerLayout$AccessibilityDelegate
android.support.v4.widget.DrawerLayout$ChildAccessibilityDelegate
android.support.v4.widget.DrawerLayout$DrawerListener
android.support.v4.widget.DrawerLayout$EdgeGravity
android.support.v4.widget.DrawerLayout$LayoutParams
android.support.v4.widget.DrawerLayout$LockMode
android.support.v4.widget.DrawerLayout$SavedState
android.support.v4.widget.DrawerLayout$SavedState$1
android.support.v4.widget.DrawerLayout$SimpleDrawerListener
android.support.v4.widget.DrawerLayout$State
android.support.v4.widget.DrawerLayout$ViewDragCallback
android.support.v4.widget.DrawerLayout$ViewDragCallback$1
android.support.v4.widget.EdgeEffectCompat:
    private android.widget.EdgeEffect mEdgeEffect
    71:73:public EdgeEffectCompat(android.content.Context)
    85:86:public void setSize(int,int)
    99:99:public boolean isFinished()
    110:111:public void finish()
    128:129:public boolean onPull(float)
    153:154:public boolean onPull(float,float)
    191:192:public boolean onRelease()
    210:211:public boolean onAbsorb(int)
    228:228:public boolean draw(android.graphics.Canvas)
android.support.v4.widget.ExploreByTouchHelper
android.support.v4.widget.ExploreByTouchHelper$1
android.support.v4.widget.ExploreByTouchHelper$2
android.support.v4.widget.ExploreByTouchHelper$MyNodeProvider
android.support.v4.widget.FocusStrategy
android.support.v4.widget.FocusStrategy$BoundsAdapter
android.support.v4.widget.FocusStrategy$CollectionAdapter
android.support.v4.widget.FocusStrategy$SequentialComparator
android.support.v4.widget.ImageViewCompat:
    165:165:private ImageViewCompat()
android.support.v4.widget.ListPopupWindowCompat
android.support.v4.widget.ListViewCompat:
    66:84:public static boolean canScrollList(android.widget.ListView,int)
    89:89:private ListViewCompat()
android.support.v4.widget.NestedScrollView:
    static final int ANIMATED_SCROLL_GAP
    static final float MAX_SCROLL_FACTOR
    private static final java.lang.String TAG
    private static final int INVALID_POINTER
    472:472:public boolean isFillViewport()
    494:494:public boolean isSmoothScrollingEnabled()
android.support.v4.widget.PopupMenuCompat
android.support.v4.widget.PopupWindowCompat:
    197:199:private PopupWindowCompat()
    239:239:public static boolean getOverlapAnchor(android.widget.PopupWindow)
    261:261:public static int getWindowLayoutType(android.widget.PopupWindow)
android.support.v4.widget.PopupWindowCompat$PopupWindowCompatApi21Impl:
    private static final java.lang.String TAG
    147:154:public boolean getOverlapAnchor(android.widget.PopupWindow)
android.support.v4.widget.PopupWindowCompat$PopupWindowCompatApi23Impl:
    167:167:public boolean getOverlapAnchor(android.widget.PopupWindow)
    177:177:public int getWindowLayoutType(android.widget.PopupWindow)
android.support.v4.widget.PopupWindowCompat$PopupWindowCompatBaseImpl:
    private static java.lang.reflect.Method sGetWindowLayoutTypeMethod
    private static boolean sGetWindowLayoutTypeMethodAttempted
    60:60:public boolean getOverlapAnchor(android.widget.PopupWindow)
    85:103:public int getWindowLayoutType(android.widget.PopupWindow)
android.support.v4.widget.ResourceCursorAdapter:
    54:57:public ResourceCursorAdapter(android.content.Context,int,android.database.Cursor)
    99:102:public ResourceCursorAdapter(android.content.Context,int,android.database.Cursor,int)
    126:127:public void setViewResource(int)
    135:136:public void setDropDownViewResource(int)
android.support.v4.widget.ScrollerCompat
android.support.v4.widget.SimpleCursorAdapter
android.support.v4.widget.SimpleCursorAdapter$CursorToStringConverter
android.support.v4.widget.SimpleCursorAdapter$ViewBinder
android.support.v4.widget.SlidingPaneLayout
android.support.v4.widget.SlidingPaneLayout$AccessibilityDelegate
android.support.v4.widget.SlidingPaneLayout$DisableLayerRunnable
android.support.v4.widget.SlidingPaneLayout$DragHelperCallback